<?xml version="1.0" encoding="UTF-8"?>
<!-- Generated by org.testng.reporters.JUnitXMLReporter -->
<testsuite ignored="17" hostname="Rajesh" failures="0" tests="1" name="Default test" time="41.679" errors="0" timestamp="2025-04-29T11:22:57 IST">
  <testcase classname="Testcases.SuperJ_Login" name="VerifytheHomepage" time="9.387"/>
  <testcase classname="Testcases.SuperJ_Login" name="open_multipleTabs" time="0.0">
    <ignored/>
  </testcase> <!-- open_multipleTabs -->
  <testcase classname="Testcases.SuperJ_Login" name="ReloadSurveyMidway" time="0.0">
    <ignored/>
  </testcase> <!-- ReloadSurveyMidway -->
  <testcase classname="Testcases.SuperJ_Login" name="LogoutAndRefreshTest" time="0.0">
    <ignored/>
  </testcase> <!-- LogoutAndRefreshTest -->
  <testcase classname="Testcases.SuperJ_Login" name="Login_logout_withinvalid_OTP" time="0.0">
    <ignored/>
  </testcase> <!-- Login_logout_withinvalid_OTP -->
  <testcase classname="Testcases.SuperJ_Login" name="Wallet_cahout" time="0.0">
    <ignored/>
  </testcase> <!-- Wallet_cahout -->
  <testcase classname="Testcases.SuperJ_Login" name="SurveyCard" time="0.0">
    <ignored/>
  </testcase> <!-- SurveyCard -->
  <testcase classname="Testcases.SuperJ_Login" name="AccessProtectedRoutesWithoutLogin" time="0.0">
    <ignored/>
  </testcase> <!-- AccessProtectedRoutesWithoutLogin -->
  <testcase classname="Testcases.SuperJ_Login" name="Resend_" time="0.0">
    <ignored/>
  </testcase> <!-- Resend_ -->
  <testcase classname="Testcases.SuperJ_Login" name="Verify_Session_Expiry_After_Logout" time="0.0">
    <ignored/>
  </testcase> <!-- Verify_Session_Expiry_After_Logout -->
  <testcase classname="Testcases.SuperJ_Login" name="OTPFieldAutoFocusJump" time="0.0">
    <ignored/>
  </testcase> <!-- OTPFieldAutoFocusJump -->
  <testcase classname="Testcases.SuperJ_Login" name="Check_transaction_history" time="0.0">
    <ignored/>
  </testcase> <!-- Check_transaction_history -->
  <testcase classname="Testcases.SuperJ_Login" name="MultipleSurveysParallel" time="0.0">
    <ignored/>
  </testcase> <!-- MultipleSurveysParallel -->
  <testcase classname="Testcases.SuperJ_Login" name="SubmitSurveyFromMultipleTabs" time="0.0">
    <ignored/>
  </testcase> <!-- SubmitSurveyFromMultipleTabs -->
  <testcase classname="Testcases.SuperJ_Login" name="OTPFieldAcceptsOnlyDigits" time="0.0">
    <ignored/>
  </testcase> <!-- OTPFieldAcceptsOnlyDigits -->
  <testcase classname="Testcases.SuperJ_Login" name="SurveyScrollValidation" time="0.0">
    <ignored/>
  </testcase> <!-- SurveyScrollValidation -->
  <testcase classname="Testcases.SuperJ_Login" name="ParallelSurveyClicksFromMultipleTabs" time="0.0">
    <ignored/>
  </testcase> <!-- ParallelSurveyClicksFromMultipleTabs -->
  <testcase classname="Testcases.SuperJ_Login" name="countVisibleSurveyCards" time="0.0">
    <ignored/>
  </testcase> <!-- countVisibleSurveyCards -->
</testsuite> <!-- Default test -->
