<?xml version="1.0" encoding="UTF-8"?>
<testng-results ignored="17" total="18" passed="1" failed="0" skipped="0">
  <reporter-output>
  </reporter-output>
  <suite started-at="2025-04-29T11:22:15 IST" name="Default suite" finished-at="2025-04-29T11:22:57 IST" duration-ms="41679">
    <groups>
    </groups>
    <test started-at="2025-04-29T11:22:15 IST" name="Default test" finished-at="2025-04-29T11:22:57 IST" duration-ms="41679">
      <class name="Testcases.SuperJ_Login">
        <test-method is-config="true" signature="setupExtentReports()[pri:0, instance:Testcases.SuperJ_Login@62ddbd7e]" started-at="2025-04-29T11:22:15 IST" name="setupExtentReports" finished-at="2025-04-29T11:22:15 IST" duration-ms="431" status="PASS">
          <reporter-output>
          </reporter-output>
        </test-method> <!-- setupExtentReports -->
        <test-method is-config="true" signature="setup()[pri:0, instance:Testcases.SuperJ_Login@62ddbd7e]" started-at="2025-04-29T11:22:16 IST" name="setup" finished-at="2025-04-29T11:22:25 IST" duration-ms="9328" status="PASS">
          <reporter-output>
          </reporter-output>
        </test-method> <!-- setup -->
        <test-method signature="VerifytheHomepage()[pri:1, instance:Testcases.SuperJ_Login@62ddbd7e]" started-at="2025-04-29T11:22:25 IST" name="VerifytheHomepage" finished-at="2025-04-29T11:22:34 IST" duration-ms="9387" status="PASS">
          <reporter-output>
          </reporter-output>
        </test-method> <!-- VerifytheHomepage -->
        <test-method is-config="true" signature="closeBrowser()[pri:0, instance:Testcases.SuperJ_Login@62ddbd7e]" started-at="2025-04-29T11:22:34 IST" name="closeBrowser" finished-at="2025-04-29T11:22:57 IST" duration-ms="22874" status="PASS">
          <reporter-output>
          </reporter-output>
        </test-method> <!-- closeBrowser -->
        <test-method is-config="true" signature="tearDownExtentReports()[pri:0, instance:Testcases.SuperJ_Login@62ddbd7e]" started-at="2025-04-29T11:22:57 IST" name="tearDownExtentReports" finished-at="2025-04-29T11:22:57 IST" duration-ms="3" status="PASS">
          <reporter-output>
          </reporter-output>
        </test-method> <!-- tearDownExtentReports -->
      </class> <!-- Testcases.SuperJ_Login -->
    </test> <!-- Default test -->
  </suite> <!-- Default suite -->
</testng-results>
